<?xml version="1.0" encoding="UTF-8"?>
<testsuite xmlns:xsi="http://www.w3.org/2001/XMLSchema-instance" xsi:noNamespaceSchemaLocation="https://maven.apache.org/surefire/maven-surefire-plugin/xsd/surefire-test-report.xsd" version="3.0.2" name="com.devops.patient_management.PatientManagementApplicationTests" time="2.584" tests="1" errors="0" skipped="0" failures="0">
  <properties>
    <property name="java.specification.version" value="17"/>
    <property name="sun.jnu.encoding" value="UTF-8"/>
    <property name="java.class.path" value="/home/darshan/Documents/Supriya_docs/new_POC/source_code/evalytica/patient-management/target/test-classes:/home/darshan/Documents/Supriya_docs/new_POC/source_code/evalytica/patient-management/target/classes:/home/darshan/.m2/repository/org/springframework/boot/spring-boot-starter-web/3.5.0/spring-boot-starter-web-3.5.0.jar:/home/darshan/.m2/repository/org/springframework/boot/spring-boot-starter/3.5.0/spring-boot-starter-3.5.0.jar:/home/darshan/.m2/repository/org/springframework/boot/spring-boot/3.5.0/spring-boot-3.5.0.jar:/home/darshan/.m2/repository/org/springframework/boot/spring-boot-autoconfigure/3.5.0/spring-boot-autoconfigure-3.5.0.jar:/home/darshan/.m2/repository/org/springframework/boot/spring-boot-starter-logging/3.5.0/spring-boot-starter-logging-3.5.0.jar:/home/darshan/.m2/repository/ch/qos/logback/logback-classic/1.5.18/logback-classic-1.5.18.jar:/home/darshan/.m2/repository/ch/qos/logback/logback-core/1.5.18/logback-core-1.5.18.jar:/home/darshan/.m2/repository/org/apache/logging/log4j/log4j-to-slf4j/2.24.3/log4j-to-slf4j-2.24.3.jar:/home/darshan/.m2/repository/org/apache/logging/log4j/log4j-api/2.24.3/log4j-api-2.24.3.jar:/home/darshan/.m2/repository/org/slf4j/jul-to-slf4j/2.0.17/jul-to-slf4j-2.0.17.jar:/home/darshan/.m2/repository/jakarta/annotation/jakarta.annotation-api/2.1.1/jakarta.annotation-api-2.1.1.jar:/home/darshan/.m2/repository/org/yaml/snakeyaml/2.4/snakeyaml-2.4.jar:/home/darshan/.m2/repository/org/springframework/boot/spring-boot-starter-json/3.5.0/spring-boot-starter-json-3.5.0.jar:/home/darshan/.m2/repository/com/fasterxml/jackson/core/jackson-databind/2.19.0/jackson-databind-2.19.0.jar:/home/darshan/.m2/repository/com/fasterxml/jackson/core/jackson-annotations/2.19.0/jackson-annotations-2.19.0.jar:/home/darshan/.m2/repository/com/fasterxml/jackson/core/jackson-core/2.19.0/jackson-core-2.19.0.jar:/home/darshan/.m2/repository/com/fasterxml/jackson/datatype/jackson-datatype-jdk8/2.19.0/jackson-datatype-jdk8-2.19.0.jar:/home/darshan/.m2/repository/com/fasterxml/jackson/datatype/jackson-datatype-jsr310/2.19.0/jackson-datatype-jsr310-2.19.0.jar:/home/darshan/.m2/repository/com/fasterxml/jackson/module/jackson-module-parameter-names/2.19.0/jackson-module-parameter-names-2.19.0.jar:/home/darshan/.m2/repository/org/springframework/boot/spring-boot-starter-tomcat/3.5.0/spring-boot-starter-tomcat-3.5.0.jar:/home/darshan/.m2/repository/org/apache/tomcat/embed/tomcat-embed-core/10.1.41/tomcat-embed-core-10.1.41.jar:/home/darshan/.m2/repository/org/apache/tomcat/embed/tomcat-embed-el/10.1.41/tomcat-embed-el-10.1.41.jar:/home/darshan/.m2/repository/org/apache/tomcat/embed/tomcat-embed-websocket/10.1.41/tomcat-embed-websocket-10.1.41.jar:/home/darshan/.m2/repository/org/springframework/spring-web/6.2.7/spring-web-6.2.7.jar:/home/darshan/.m2/repository/org/springframework/spring-beans/6.2.7/spring-beans-6.2.7.jar:/home/darshan/.m2/repository/org/springframework/spring-webmvc/6.2.7/spring-webmvc-6.2.7.jar:/home/darshan/.m2/repository/org/springframework/spring-aop/6.2.7/spring-aop-6.2.7.jar:/home/darshan/.m2/repository/org/springframework/spring-context/6.2.7/spring-context-6.2.7.jar:/home/darshan/.m2/repository/org/springframework/spring-expression/6.2.7/spring-expression-6.2.7.jar:/home/darshan/.m2/repository/org/springframework/boot/spring-boot-starter-test/3.5.0/spring-boot-starter-test-3.5.0.jar:/home/darshan/.m2/repository/org/springframework/boot/spring-boot-test/3.5.0/spring-boot-test-3.5.0.jar:/home/darshan/.m2/repository/org/springframework/boot/spring-boot-test-autoconfigure/3.5.0/spring-boot-test-autoconfigure-3.5.0.jar:/home/darshan/.m2/repository/com/jayway/jsonpath/json-path/2.9.0/json-path-2.9.0.jar:/home/darshan/.m2/repository/org/slf4j/slf4j-api/2.0.17/slf4j-api-2.0.17.jar:/home/darshan/.m2/repository/jakarta/xml/bind/jakarta.xml.bind-api/4.0.2/jakarta.xml.bind-api-4.0.2.jar:/home/darshan/.m2/repository/jakarta/activation/jakarta.activation-api/2.1.3/jakarta.activation-api-2.1.3.jar:/home/darshan/.m2/repository/net/minidev/json-smart/2.5.2/json-smart-2.5.2.jar:/home/darshan/.m2/repository/net/minidev/accessors-smart/2.5.2/accessors-smart-2.5.2.jar:/home/darshan/.m2/repository/org/ow2/asm/asm/9.7.1/asm-9.7.1.jar:/home/darshan/.m2/repository/org/assertj/assertj-core/3.27.3/assertj-core-3.27.3.jar:/home/darshan/.m2/repository/net/bytebuddy/byte-buddy/1.17.5/byte-buddy-1.17.5.jar:/home/darshan/.m2/repository/org/awaitility/awaitility/4.3.0/awaitility-4.3.0.jar:/home/darshan/.m2/repository/org/hamcrest/hamcrest/3.0/hamcrest-3.0.jar:/home/darshan/.m2/repository/org/junit/jupiter/junit-jupiter/5.12.2/junit-jupiter-5.12.2.jar:/home/darshan/.m2/repository/org/junit/jupiter/junit-jupiter-api/5.12.2/junit-jupiter-api-5.12.2.jar:/home/darshan/.m2/repository/org/opentest4j/opentest4j/1.3.0/opentest4j-1.3.0.jar:/home/darshan/.m2/repository/org/junit/platform/junit-platform-commons/1.12.2/junit-platform-commons-1.12.2.jar:/home/darshan/.m2/repository/org/apiguardian/apiguardian-api/1.1.2/apiguardian-api-1.1.2.jar:/home/darshan/.m2/repository/org/junit/jupiter/junit-jupiter-params/5.12.2/junit-jupiter-params-5.12.2.jar:/home/darshan/.m2/repository/org/junit/jupiter/junit-jupiter-engine/5.12.2/junit-jupiter-engine-5.12.2.jar:/home/darshan/.m2/repository/org/junit/platform/junit-platform-engine/1.12.2/junit-platform-engine-1.12.2.jar:/home/darshan/.m2/repository/org/mockito/mockito-core/5.17.0/mockito-core-5.17.0.jar:/home/darshan/.m2/repository/net/bytebuddy/byte-buddy-agent/1.17.5/byte-buddy-agent-1.17.5.jar:/home/darshan/.m2/repository/org/objenesis/objenesis/3.3/objenesis-3.3.jar:/home/darshan/.m2/repository/org/mockito/mockito-junit-jupiter/5.17.0/mockito-junit-jupiter-5.17.0.jar:/home/darshan/.m2/repository/org/skyscreamer/jsonassert/1.5.3/jsonassert-1.5.3.jar:/home/darshan/.m2/repository/com/vaadin/external/google/android-json/0.0.20131108.vaadin1/android-json-0.0.20131108.vaadin1.jar:/home/darshan/.m2/repository/org/springframework/spring-core/6.2.7/spring-core-6.2.7.jar:/home/darshan/.m2/repository/org/springframework/spring-jcl/6.2.7/spring-jcl-6.2.7.jar:/home/darshan/.m2/repository/org/springframework/spring-test/6.2.7/spring-test-6.2.7.jar:/home/darshan/.m2/repository/org/xmlunit/xmlunit-core/2.10.1/xmlunit-core-2.10.1.jar:/home/darshan/.m2/repository/org/springframework/boot/spring-boot-starter-actuator/3.5.0/spring-boot-starter-actuator-3.5.0.jar:/home/darshan/.m2/repository/org/springframework/boot/spring-boot-actuator-autoconfigure/3.5.0/spring-boot-actuator-autoconfigure-3.5.0.jar:/home/darshan/.m2/repository/org/springframework/boot/spring-boot-actuator/3.5.0/spring-boot-actuator-3.5.0.jar:/home/darshan/.m2/repository/io/micrometer/micrometer-observation/1.15.0/micrometer-observation-1.15.0.jar:/home/darshan/.m2/repository/io/micrometer/micrometer-commons/1.15.0/micrometer-commons-1.15.0.jar:/home/darshan/.m2/repository/io/micrometer/micrometer-jakarta9/1.15.0/micrometer-jakarta9-1.15.0.jar:/home/darshan/.m2/repository/io/micrometer/micrometer-registry-prometheus/1.15.0/micrometer-registry-prometheus-1.15.0.jar:/home/darshan/.m2/repository/io/micrometer/micrometer-core/1.15.0/micrometer-core-1.15.0.jar:/home/darshan/.m2/repository/org/hdrhistogram/HdrHistogram/2.2.2/HdrHistogram-2.2.2.jar:/home/darshan/.m2/repository/org/latencyutils/LatencyUtils/2.0.3/LatencyUtils-2.0.3.jar:/home/darshan/.m2/repository/io/prometheus/prometheus-metrics-core/1.3.6/prometheus-metrics-core-1.3.6.jar:/home/darshan/.m2/repository/io/prometheus/prometheus-metrics-model/1.3.6/prometheus-metrics-model-1.3.6.jar:/home/darshan/.m2/repository/io/prometheus/prometheus-metrics-config/1.3.6/prometheus-metrics-config-1.3.6.jar:/home/darshan/.m2/repository/io/prometheus/prometheus-metrics-tracer-common/1.3.6/prometheus-metrics-tracer-common-1.3.6.jar:/home/darshan/.m2/repository/io/prometheus/prometheus-metrics-exposition-formats/1.3.6/prometheus-metrics-exposition-formats-1.3.6.jar:/home/darshan/.m2/repository/io/prometheus/prometheus-metrics-exposition-textformats/1.3.6/prometheus-metrics-exposition-textformats-1.3.6.jar:"/>
    <property name="java.vm.vendor" value="Ubuntu"/>
    <property name="sun.arch.data.model" value="64"/>
    <property name="java.vendor.url" value="https://ubuntu.com/"/>
    <property name="user.timezone" value="Asia/Kolkata"/>
    <property name="os.name" value="Linux"/>
    <property name="java.vm.specification.version" value="17"/>
    <property name="APPLICATION_NAME" value="patient-management"/>
    <property name="sun.java.launcher" value="SUN_STANDARD"/>
    <property name="user.country" value="IN"/>
    <property name="sun.boot.library.path" value="/usr/lib/jvm/java-17-openjdk-amd64/lib"/>
    <property name="sun.java.command" value="/home/darshan/Documents/Supriya_docs/new_POC/source_code/evalytica/patient-management/target/surefire/surefirebooter-20250605203631702_3.jar /home/darshan/Documents/Supriya_docs/new_POC/source_code/evalytica/patient-management/target/surefire 2025-06-05T20-36-31_611-jvmRun1 surefire-20250605203631702_1tmp surefire_0-20250605203631702_2tmp"/>
    <property name="jdk.debug" value="release"/>
    <property name="surefire.test.class.path" value="/home/darshan/Documents/Supriya_docs/new_POC/source_code/evalytica/patient-management/target/test-classes:/home/darshan/Documents/Supriya_docs/new_POC/source_code/evalytica/patient-management/target/classes:/home/darshan/.m2/repository/org/springframework/boot/spring-boot-starter-web/3.5.0/spring-boot-starter-web-3.5.0.jar:/home/darshan/.m2/repository/org/springframework/boot/spring-boot-starter/3.5.0/spring-boot-starter-3.5.0.jar:/home/darshan/.m2/repository/org/springframework/boot/spring-boot/3.5.0/spring-boot-3.5.0.jar:/home/darshan/.m2/repository/org/springframework/boot/spring-boot-autoconfigure/3.5.0/spring-boot-autoconfigure-3.5.0.jar:/home/darshan/.m2/repository/org/springframework/boot/spring-boot-starter-logging/3.5.0/spring-boot-starter-logging-3.5.0.jar:/home/darshan/.m2/repository/ch/qos/logback/logback-classic/1.5.18/logback-classic-1.5.18.jar:/home/darshan/.m2/repository/ch/qos/logback/logback-core/1.5.18/logback-core-1.5.18.jar:/home/darshan/.m2/repository/org/apache/logging/log4j/log4j-to-slf4j/2.24.3/log4j-to-slf4j-2.24.3.jar:/home/darshan/.m2/repository/org/apache/logging/log4j/log4j-api/2.24.3/log4j-api-2.24.3.jar:/home/darshan/.m2/repository/org/slf4j/jul-to-slf4j/2.0.17/jul-to-slf4j-2.0.17.jar:/home/darshan/.m2/repository/jakarta/annotation/jakarta.annotation-api/2.1.1/jakarta.annotation-api-2.1.1.jar:/home/darshan/.m2/repository/org/yaml/snakeyaml/2.4/snakeyaml-2.4.jar:/home/darshan/.m2/repository/org/springframework/boot/spring-boot-starter-json/3.5.0/spring-boot-starter-json-3.5.0.jar:/home/darshan/.m2/repository/com/fasterxml/jackson/core/jackson-databind/2.19.0/jackson-databind-2.19.0.jar:/home/darshan/.m2/repository/com/fasterxml/jackson/core/jackson-annotations/2.19.0/jackson-annotations-2.19.0.jar:/home/darshan/.m2/repository/com/fasterxml/jackson/core/jackson-core/2.19.0/jackson-core-2.19.0.jar:/home/darshan/.m2/repository/com/fasterxml/jackson/datatype/jackson-datatype-jdk8/2.19.0/jackson-datatype-jdk8-2.19.0.jar:/home/darshan/.m2/repository/com/fasterxml/jackson/datatype/jackson-datatype-jsr310/2.19.0/jackson-datatype-jsr310-2.19.0.jar:/home/darshan/.m2/repository/com/fasterxml/jackson/module/jackson-module-parameter-names/2.19.0/jackson-module-parameter-names-2.19.0.jar:/home/darshan/.m2/repository/org/springframework/boot/spring-boot-starter-tomcat/3.5.0/spring-boot-starter-tomcat-3.5.0.jar:/home/darshan/.m2/repository/org/apache/tomcat/embed/tomcat-embed-core/10.1.41/tomcat-embed-core-10.1.41.jar:/home/darshan/.m2/repository/org/apache/tomcat/embed/tomcat-embed-el/10.1.41/tomcat-embed-el-10.1.41.jar:/home/darshan/.m2/repository/org/apache/tomcat/embed/tomcat-embed-websocket/10.1.41/tomcat-embed-websocket-10.1.41.jar:/home/darshan/.m2/repository/org/springframework/spring-web/6.2.7/spring-web-6.2.7.jar:/home/darshan/.m2/repository/org/springframework/spring-beans/6.2.7/spring-beans-6.2.7.jar:/home/darshan/.m2/repository/org/springframework/spring-webmvc/6.2.7/spring-webmvc-6.2.7.jar:/home/darshan/.m2/repository/org/springframework/spring-aop/6.2.7/spring-aop-6.2.7.jar:/home/darshan/.m2/repository/org/springframework/spring-context/6.2.7/spring-context-6.2.7.jar:/home/darshan/.m2/repository/org/springframework/spring-expression/6.2.7/spring-expression-6.2.7.jar:/home/darshan/.m2/repository/org/springframework/boot/spring-boot-starter-test/3.5.0/spring-boot-starter-test-3.5.0.jar:/home/darshan/.m2/repository/org/springframework/boot/spring-boot-test/3.5.0/spring-boot-test-3.5.0.jar:/home/darshan/.m2/repository/org/springframework/boot/spring-boot-test-autoconfigure/3.5.0/spring-boot-test-autoconfigure-3.5.0.jar:/home/darshan/.m2/repository/com/jayway/jsonpath/json-path/2.9.0/json-path-2.9.0.jar:/home/darshan/.m2/repository/org/slf4j/slf4j-api/2.0.17/slf4j-api-2.0.17.jar:/home/darshan/.m2/repository/jakarta/xml/bind/jakarta.xml.bind-api/4.0.2/jakarta.xml.bind-api-4.0.2.jar:/home/darshan/.m2/repository/jakarta/activation/jakarta.activation-api/2.1.3/jakarta.activation-api-2.1.3.jar:/home/darshan/.m2/repository/net/minidev/json-smart/2.5.2/json-smart-2.5.2.jar:/home/darshan/.m2/repository/net/minidev/accessors-smart/2.5.2/accessors-smart-2.5.2.jar:/home/darshan/.m2/repository/org/ow2/asm/asm/9.7.1/asm-9.7.1.jar:/home/darshan/.m2/repository/org/assertj/assertj-core/3.27.3/assertj-core-3.27.3.jar:/home/darshan/.m2/repository/net/bytebuddy/byte-buddy/1.17.5/byte-buddy-1.17.5.jar:/home/darshan/.m2/repository/org/awaitility/awaitility/4.3.0/awaitility-4.3.0.jar:/home/darshan/.m2/repository/org/hamcrest/hamcrest/3.0/hamcrest-3.0.jar:/home/darshan/.m2/repository/org/junit/jupiter/junit-jupiter/5.12.2/junit-jupiter-5.12.2.jar:/home/darshan/.m2/repository/org/junit/jupiter/junit-jupiter-api/5.12.2/junit-jupiter-api-5.12.2.jar:/home/darshan/.m2/repository/org/opentest4j/opentest4j/1.3.0/opentest4j-1.3.0.jar:/home/darshan/.m2/repository/org/junit/platform/junit-platform-commons/1.12.2/junit-platform-commons-1.12.2.jar:/home/darshan/.m2/repository/org/apiguardian/apiguardian-api/1.1.2/apiguardian-api-1.1.2.jar:/home/darshan/.m2/repository/org/junit/jupiter/junit-jupiter-params/5.12.2/junit-jupiter-params-5.12.2.jar:/home/darshan/.m2/repository/org/junit/jupiter/junit-jupiter-engine/5.12.2/junit-jupiter-engine-5.12.2.jar:/home/darshan/.m2/repository/org/junit/platform/junit-platform-engine/1.12.2/junit-platform-engine-1.12.2.jar:/home/darshan/.m2/repository/org/mockito/mockito-core/5.17.0/mockito-core-5.17.0.jar:/home/darshan/.m2/repository/net/bytebuddy/byte-buddy-agent/1.17.5/byte-buddy-agent-1.17.5.jar:/home/darshan/.m2/repository/org/objenesis/objenesis/3.3/objenesis-3.3.jar:/home/darshan/.m2/repository/org/mockito/mockito-junit-jupiter/5.17.0/mockito-junit-jupiter-5.17.0.jar:/home/darshan/.m2/repository/org/skyscreamer/jsonassert/1.5.3/jsonassert-1.5.3.jar:/home/darshan/.m2/repository/com/vaadin/external/google/android-json/0.0.20131108.vaadin1/android-json-0.0.20131108.vaadin1.jar:/home/darshan/.m2/repository/org/springframework/spring-core/6.2.7/spring-core-6.2.7.jar:/home/darshan/.m2/repository/org/springframework/spring-jcl/6.2.7/spring-jcl-6.2.7.jar:/home/darshan/.m2/repository/org/springframework/spring-test/6.2.7/spring-test-6.2.7.jar:/home/darshan/.m2/repository/org/xmlunit/xmlunit-core/2.10.1/xmlunit-core-2.10.1.jar:/home/darshan/.m2/repository/org/springframework/boot/spring-boot-starter-actuator/3.5.0/spring-boot-starter-actuator-3.5.0.jar:/home/darshan/.m2/repository/org/springframework/boot/spring-boot-actuator-autoconfigure/3.5.0/spring-boot-actuator-autoconfigure-3.5.0.jar:/home/darshan/.m2/repository/org/springframework/boot/spring-boot-actuator/3.5.0/spring-boot-actuator-3.5.0.jar:/home/darshan/.m2/repository/io/micrometer/micrometer-observation/1.15.0/micrometer-observation-1.15.0.jar:/home/darshan/.m2/repository/io/micrometer/micrometer-commons/1.15.0/micrometer-commons-1.15.0.jar:/home/darshan/.m2/repository/io/micrometer/micrometer-jakarta9/1.15.0/micrometer-jakarta9-1.15.0.jar:/home/darshan/.m2/repository/io/micrometer/micrometer-registry-prometheus/1.15.0/micrometer-registry-prometheus-1.15.0.jar:/home/darshan/.m2/repository/io/micrometer/micrometer-core/1.15.0/micrometer-core-1.15.0.jar:/home/darshan/.m2/repository/org/hdrhistogram/HdrHistogram/2.2.2/HdrHistogram-2.2.2.jar:/home/darshan/.m2/repository/org/latencyutils/LatencyUtils/2.0.3/LatencyUtils-2.0.3.jar:/home/darshan/.m2/repository/io/prometheus/prometheus-metrics-core/1.3.6/prometheus-metrics-core-1.3.6.jar:/home/darshan/.m2/repository/io/prometheus/prometheus-metrics-model/1.3.6/prometheus-metrics-model-1.3.6.jar:/home/darshan/.m2/repository/io/prometheus/prometheus-metrics-config/1.3.6/prometheus-metrics-config-1.3.6.jar:/home/darshan/.m2/repository/io/prometheus/prometheus-metrics-tracer-common/1.3.6/prometheus-metrics-tracer-common-1.3.6.jar:/home/darshan/.m2/repository/io/prometheus/prometheus-metrics-exposition-formats/1.3.6/prometheus-metrics-exposition-formats-1.3.6.jar:/home/darshan/.m2/repository/io/prometheus/prometheus-metrics-exposition-textformats/1.3.6/prometheus-metrics-exposition-textformats-1.3.6.jar:"/>
    <property name="sun.cpu.endian" value="little"/>
    <property name="user.home" value="/home/darshan"/>
    <property name="user.language" value="en"/>
    <property name="java.specification.vendor" value="Oracle Corporation"/>
    <property name="java.version.date" value="2025-04-15"/>
    <property name="java.home" value="/usr/lib/jvm/java-17-openjdk-amd64"/>
    <property name="file.separator" value="/"/>
    <property name="basedir" value="/home/darshan/Documents/Supriya_docs/new_POC/source_code/evalytica/patient-management"/>
    <property name="java.vm.compressedOopsMode" value="Zero based"/>
    <property name="line.separator" value="&#10;"/>
    <property name="java.specification.name" value="Java Platform API Specification"/>
    <property name="java.vm.specification.vendor" value="Oracle Corporation"/>
    <property name="FILE_LOG_CHARSET" value="UTF-8"/>
    <property name="java.awt.headless" value="true"/>
    <property name="surefire.real.class.path" value="/home/darshan/Documents/Supriya_docs/new_POC/source_code/evalytica/patient-management/target/surefire/surefirebooter-20250605203631702_3.jar"/>
    <property name="sun.management.compiler" value="HotSpot 64-Bit Tiered Compilers"/>
    <property name="java.runtime.version" value="17.0.15+6-Ubuntu-0ubuntu122.04"/>
    <property name="user.name" value="darshan"/>
    <property name="path.separator" value=":"/>
    <property name="os.version" value="6.8.0-60-generic"/>
    <property name="java.runtime.name" value="OpenJDK Runtime Environment"/>
    <property name="file.encoding" value="UTF-8"/>
    <property name="java.vm.name" value="OpenJDK 64-Bit Server VM"/>
    <property name="localRepository" value="/home/darshan/.m2/repository"/>
    <property name="java.vendor.url.bug" value="https://bugs.launchpad.net/ubuntu/+source/openjdk-17"/>
    <property name="java.io.tmpdir" value="/tmp"/>
    <property name="java.version" value="17.0.15"/>
    <property name="user.dir" value="/home/darshan/Documents/Supriya_docs/new_POC/source_code/evalytica/patient-management"/>
    <property name="os.arch" value="amd64"/>
    <property name="java.vm.specification.name" value="Java Virtual Machine Specification"/>
    <property name="PID" value="51210"/>
    <property name="CONSOLE_LOG_CHARSET" value="UTF-8"/>
    <property name="native.encoding" value="UTF-8"/>
    <property name="java.library.path" value="/usr/java/packages/lib:/usr/lib/x86_64-linux-gnu/jni:/lib/x86_64-linux-gnu:/usr/lib/x86_64-linux-gnu:/usr/lib/jni:/lib:/usr/lib"/>
    <property name="java.vm.info" value="mixed mode, sharing"/>
    <property name="java.vendor" value="Ubuntu"/>
    <property name="java.vm.version" value="17.0.15+6-Ubuntu-0ubuntu122.04"/>
    <property name="java.specification.maintenance.version" value="1"/>
    <property name="sun.io.unicode.encoding" value="UnicodeLittle"/>
    <property name="java.class.version" value="61.0"/>
    <property name="LOGGED_APPLICATION_NAME" value="[patient-management] "/>
  </properties>
  <testcase name="contextLoads" classname="com.devops.patient_management.PatientManagementApplicationTests" time="0.533">
    <system-out><![CDATA[20:36:32.245 [main] INFO org.springframework.test.context.support.AnnotationConfigContextLoaderUtils -- Could not detect default configuration classes for test class [com.devops.patient_management.PatientManagementApplicationTests]: PatientManagementApplicationTests does not declare any static, non-private, non-final, nested classes annotated with @Configuration.
20:36:32.318 [main] INFO org.springframework.boot.test.context.SpringBootTestContextBootstrapper -- Found @SpringBootConfiguration com.devops.patient_management.PatientManagementApplication for test class com.devops.patient_management.PatientManagementApplicationTests

  .   ____          _            __ _ _
 /\\ / ___'_ __ _ _(_)_ __  __ _ \ \ \ \
( ( )\___ | '_ | '_| | '_ \/ _` | \ \ \ \
 \\/  ___)| |_)| | | | | || (_| |  ) ) ) )
  '  |____| .__|_| |_|_| |_\__, | / / / /
 =========|_|==============|___/=/_/_/_/

 :: Spring Boot ::                (v3.5.0)

2025-06-05T20:36:32.646+05:30  INFO 51210 --- [patient-management] [           main] c.d.p.PatientManagementApplicationTests  : Starting PatientManagementApplicationTests using Java 17.0.15 with PID 51210 (started by darshan in /home/darshan/Documents/Supriya_docs/new_POC/source_code/evalytica/patient-management)
2025-06-05T20:36:32.648+05:30  INFO 51210 --- [patient-management] [           main] c.d.p.PatientManagementApplicationTests  : No active profile set, falling back to 1 default profile: "default"
2025-06-05T20:36:34.056+05:30  INFO 51210 --- [patient-management] [           main] o.s.b.a.e.web.EndpointLinksResolver      : Exposing 13 endpoints beneath base path '/actuator'
2025-06-05T20:36:34.121+05:30  INFO 51210 --- [patient-management] [           main] c.d.p.PatientManagementApplicationTests  : Started PatientManagementApplicationTests in 1.689 seconds (process running for 2.344)
]]></system-out>
  </testcase>
</testsuite>